<?xml version="1.0" encoding="UTF-8"?>
<!-- Generated by org.testng.reporters.JUnitReportReporter -->
<testsuite skipped="0" hostname="sachin4597-01" name="com.twitter.api.Twitter" tests="6" failures="0" timestamp="06 May 2019 07:38:56 GMT" time="24.674" errors="0">
  <testcase name="Test_JSONSample" time="0.579" classname="com.twitter.api.Twitter"/>
  <testcase name="Test_PostRequest" time="6.256" classname="com.twitter.api.Twitter"/>
  <testcase name="Test_Top_10_Hashtag" time="2.754" classname="com.twitter.api.Twitter"/>
  <testcase name="Test_Top_3_Followers" time="2.247" classname="com.twitter.api.Twitter"/>
  <testcase name="Test_HighestRetweetCount" time="3.910" classname="com.twitter.api.Twitter"/>
  <testcase name="Test_HighestLikeCount" time="8.928" classname="com.twitter.api.Twitter"/>
</testsuite> <!-- com.twitter.api.Twitter -->
