<?xml version="1.0" encoding="UTF-8"?>
<!-- Generated by org.testng.reporters.JUnitReportReporter -->
<testsuite skipped="0" hostname="sachin4597-01" name="com.twitter.api.Twitter" tests="6" failures="0" timestamp="28 Apr 2019 03:51:40 GMT" time="10.376" errors="0">
  <testcase name="Test_PostRequest" time="2.440" classname="com.twitter.api.Twitter"/>
  <testcase name="Test_HighestRetweetCount" time="3.191" classname="com.twitter.api.Twitter"/>
  <testcase name="Test_JSONSample" time="0.007" classname="com.twitter.api.Twitter"/>
  <testcase name="Test_Top_3_Followers" time="1.770" classname="com.twitter.api.Twitter"/>
  <testcase name="Test_Top_10_Hashtag" time="1.829" classname="com.twitter.api.Twitter"/>
  <testcase name="Test_HighestLikeCount" time="1.139" classname="com.twitter.api.Twitter"/>
</testsuite> <!-- com.twitter.api.Twitter -->
